\BOOKMARK [1][-]{section.1}{Base}{}% 1
\BOOKMARK [2][-]{subsection.1.1}{App.xaml}{section.1}% 2
\BOOKMARK [2][-]{subsection.1.2}{App.xaml.cs}{section.1}% 3
\BOOKMARK [2][-]{subsection.1.3}{App.config}{section.1}% 4
\BOOKMARK [1][-]{section.2}{Vues}{}% 5
\BOOKMARK [2][-]{subsection.2.1}{ActivitiesMenu.xaml}{section.2}% 6
\BOOKMARK [2][-]{subsection.2.2}{ActivitiesMenu.xaml.cs}{section.2}% 7
\BOOKMARK [2][-]{subsection.2.3}{BurndownChart.xaml}{section.2}% 8
\BOOKMARK [2][-]{subsection.2.4}{BurndownChart.xaml.cs}{section.2}% 9
\BOOKMARK [2][-]{subsection.2.5}{ChecklistCreate.xaml}{section.2}% 10
\BOOKMARK [2][-]{subsection.2.6}{ChecklistCreate.xaml.cs}{section.2}% 11
\BOOKMARK [2][-]{subsection.2.7}{ChecklistEdit.xaml}{section.2}% 12
\BOOKMARK [2][-]{subsection.2.8}{ChecklistEdit.xaml.cs}{section.2}% 13
\BOOKMARK [2][-]{subsection.2.9}{ChecklistItemCreate.xaml}{section.2}% 14
\BOOKMARK [2][-]{subsection.2.10}{ChecklistItemCreate.xaml.cs}{section.2}% 15
\BOOKMARK [2][-]{subsection.2.11}{ChecklistItemEdit.xaml}{section.2}% 16
\BOOKMARK [2][-]{subsection.2.12}{ChecklistItemEdit.xaml.cs}{section.2}% 17
\BOOKMARK [2][-]{subsection.2.13}{ChecklistMenu.xaml}{section.2}% 18
\BOOKMARK [2][-]{subsection.2.14}{ChecklistMenu.xaml.cs}{section.2}% 19
\BOOKMARK [2][-]{subsection.2.15}{CommentCreate.xaml}{section.2}% 20
\BOOKMARK [2][-]{subsection.2.16}{CommentCreate.xaml.cs}{section.2}% 21
\BOOKMARK [2][-]{subsection.2.17}{CommentMenu.xaml}{section.2}% 22
\BOOKMARK [2][-]{subsection.2.18}{CommentMenu.xaml.cs}{section.2}% 23
\BOOKMARK [2][-]{subsection.2.19}{FileCreate.xaml}{section.2}% 24
\BOOKMARK [2][-]{subsection.2.20}{FileCreate.xaml.cs}{section.2}% 25
\BOOKMARK [2][-]{subsection.2.21}{FileEdit.xaml}{section.2}% 26
\BOOKMARK [2][-]{subsection.2.22}{FileEdit.xaml.cs}{section.2}% 27
\BOOKMARK [2][-]{subsection.2.23}{FileMenu.xaml}{section.2}% 28
\BOOKMARK [2][-]{subsection.2.24}{FileMenu.xaml.cs}{section.2}% 29
\BOOKMARK [2][-]{subsection.2.25}{MainMenu.xaml}{section.2}% 30
\BOOKMARK [2][-]{subsection.2.26}{MainMenu.xaml.cs}{section.2}% 31
\BOOKMARK [2][-]{subsection.2.27}{MindmapCreate.xaml}{section.2}% 32
\BOOKMARK [2][-]{subsection.2.28}{MindmapCreate.xaml.cs}{section.2}% 33
\BOOKMARK [2][-]{subsection.2.29}{MindmapEdit.xaml}{section.2}% 34
\BOOKMARK [2][-]{subsection.2.30}{MindmapEdit.xaml.cs}{section.2}% 35
\BOOKMARK [2][-]{subsection.2.31}{MindmapMenu.xaml}{section.2}% 36
\BOOKMARK [2][-]{subsection.2.32}{MindmapMenu.xaml.cs}{section.2}% 37
\BOOKMARK [2][-]{subsection.2.33}{NodeCreate.xaml}{section.2}% 38
\BOOKMARK [2][-]{subsection.2.34}{NodeCreate.xaml.cs}{section.2}% 39
\BOOKMARK [2][-]{subsection.2.35}{NodeEdit.xaml}{section.2}% 40
\BOOKMARK [2][-]{subsection.2.36}{NodeEdit.xaml.cs}{section.2}% 41
\BOOKMARK [2][-]{subsection.2.37}{ProjectCreate.xaml}{section.2}% 42
\BOOKMARK [2][-]{subsection.2.38}{ProjectCreate.xaml.cs}{section.2}% 43
\BOOKMARK [2][-]{subsection.2.39}{ProjectEdit.xaml}{section.2}% 44
\BOOKMARK [2][-]{subsection.2.40}{ProjectEdit.xaml.cs}{section.2}% 45
\BOOKMARK [2][-]{subsection.2.41}{ProjectMenu.xaml}{section.2}% 46
\BOOKMARK [2][-]{subsection.2.42}{ProjectMenu.xaml.cs}{section.2}% 47
\BOOKMARK [2][-]{subsection.2.43}{SprintCreate.xaml}{section.2}% 48
\BOOKMARK [2][-]{subsection.2.44}{SprintCreate.xaml.cs}{section.2}% 49
\BOOKMARK [2][-]{subsection.2.45}{SprintEdit.xaml}{section.2}% 50
\BOOKMARK [2][-]{subsection.2.46}{SprintEdit.xaml.cs}{section.2}% 51
\BOOKMARK [2][-]{subsection.2.47}{SprintMenu.xaml}{section.2}% 52
\BOOKMARK [2][-]{subsection.2.48}{SprintMenu.xaml.cs}{section.2}% 53
\BOOKMARK [2][-]{subsection.2.49}{StateCreate.xaml}{section.2}% 54
\BOOKMARK [2][-]{subsection.2.50}{StateCreate.xaml.cs}{section.2}% 55
\BOOKMARK [2][-]{subsection.2.51}{StateEdit.xaml}{section.2}% 56
\BOOKMARK [2][-]{subsection.2.52}{StateEdit.xaml.cs}{section.2}% 57
\BOOKMARK [2][-]{subsection.2.53}{StateMenu.xaml}{section.2}% 58
\BOOKMARK [2][-]{subsection.2.54}{StateMenu.xaml.cs}{section.2}% 59
\BOOKMARK [2][-]{subsection.2.55}{UserCreate.xaml}{section.2}% 60
\BOOKMARK [2][-]{subsection.2.56}{UserCreate.xaml.cs}{section.2}% 61
\BOOKMARK [2][-]{subsection.2.57}{UserEdit.xaml}{section.2}% 62
\BOOKMARK [2][-]{subsection.2.58}{UserEdit.xaml.cs}{section.2}% 63
\BOOKMARK [2][-]{subsection.2.59}{UserMenu.xaml}{section.2}% 64
\BOOKMARK [2][-]{subsection.2.60}{UserMenu.xaml.cs}{section.2}% 65
\BOOKMARK [2][-]{subsection.2.61}{UserStoryCreate.xaml}{section.2}% 66
\BOOKMARK [2][-]{subsection.2.62}{UserStoryCreate.xaml.cs}{section.2}% 67
\BOOKMARK [2][-]{subsection.2.63}{UserStoryEdit.xaml}{section.2}% 68
\BOOKMARK [2][-]{subsection.2.64}{UserStoryEdit.xaml.cs}{section.2}% 69
\BOOKMARK [1][-]{section.3}{Mod\350les}{}% 70
\BOOKMARK [2][-]{subsection.3.1}{Activity.cs}{section.3}% 71
\BOOKMARK [2][-]{subsection.3.2}{Checklist.cs}{section.3}% 72
\BOOKMARK [2][-]{subsection.3.3}{ChecklistItem.cs}{section.3}% 73
\BOOKMARK [2][-]{subsection.3.4}{Comment.cs}{section.3}% 74
\BOOKMARK [2][-]{subsection.3.5}{File.cs}{section.3}% 75
\BOOKMARK [2][-]{subsection.3.6}{IUsersAssigned.cs}{section.3}% 76
\BOOKMARK [2][-]{subsection.3.7}{MindMap.cs}{section.3}% 77
\BOOKMARK [2][-]{subsection.3.8}{Node.cs}{section.3}% 78
\BOOKMARK [2][-]{subsection.3.9}{Priority.cs}{section.3}% 79
\BOOKMARK [2][-]{subsection.3.10}{Project.cs}{section.3}% 80
\BOOKMARK [2][-]{subsection.3.11}{Sprint.cs}{section.3}% 81
\BOOKMARK [2][-]{subsection.3.12}{State.cs}{section.3}% 82
\BOOKMARK [2][-]{subsection.3.13}{Type.cs}{section.3}% 83
\BOOKMARK [2][-]{subsection.3.14}{User.cs}{section.3}% 84
\BOOKMARK [2][-]{subsection.3.15}{UserStory.cs}{section.3}% 85
\BOOKMARK [1][-]{section.4}{Contr\364leurs}{}% 86
\BOOKMARK [2][-]{subsection.4.1}{Controller.cs}{section.4}% 87
\BOOKMARK [2][-]{subsection.4.2}{DB.cs}{section.4}% 88
\BOOKMARK [1][-]{section.5}{Tests}{}% 89
\BOOKMARK [2][-]{subsection.5.1}{ControllerTests.cs}{section.5}% 90
\BOOKMARK [2][-]{subsection.5.2}{DBTests.cs}{section.5}% 91
